
> Configure project :app
WARNING: The option setting 'android.usesSdkInManifest.disallowed=false' is deprecated.
The current default is 'true'.
It will be removed in version 10.0 of the Android Gradle plugin.
WARNING: The option setting 'android.sdk.defaultTargetSdkToCompileSdkIfUnset=false' is deprecated.
The current default is 'true'.
It will be removed in version 10.0 of the Android Gradle plugin.
WARNING: The option setting 'android.enableAppCompileTimeRClass=false' is deprecated.
The current default is 'true'.
It will be removed in version 10.0 of the Android Gradle plugin.
WARNING: The option setting 'android.builtInKotlin=false' is deprecated.
The current default is 'true'.
It will be removed in version 10.0 of the Android Gradle plugin.
WARNING: The option setting 'android.newDsl=false' is deprecated.
The current default is 'true'.
It will be removed in version 10.0 of the Android Gradle plugin.
WARNING: The option setting 'android.r8.optimizedResourceShrinking=false' is deprecated.
The current default is 'true'.
It will be removed in version 10.0 of the Android Gradle plugin.
WARNING: The option setting 'android.defaults.buildfeatures.resvalues=true' is deprecated.
The current default is 'false'.
It will be removed in version 10.0 of the Android Gradle plugin.
WARNING: The property android.dependency.excludeLibraryComponentsFromConstraints improves project import performance for very large projects. It should be enabled to improve performance.
To suppress this warning, add android.generateSyncIssueWhenLibraryConstraintsAreEnabled=false to gradle.properties
WARNING: The property android.dependency.excludeLibraryComponentsFromConstraints improves project import performance for very large projects. It should be enabled to improve performance.
To suppress this warning, add android.generateSyncIssueWhenLibraryConstraintsAreEnabled=false to gradle.properties
WARNING: The property android.dependency.excludeLibraryComponentsFromConstraints improves project import performance for very large projects. It should be enabled to improve performance.
To suppress this warning, add android.generateSyncIssueWhenLibraryConstraintsAreEnabled=false to gradle.properties
WARNING: The property android.dependency.excludeLibraryComponentsFromConstraints improves project import performance for very large projects. It should be enabled to improve performance.
To suppress this warning, add android.generateSyncIssueWhenLibraryConstraintsAreEnabled=false to gradle.properties

> Task :app:checkKotlinGradlePluginConfigurationErrors SKIPPED
> Task :app:preBuild UP-TO-DATE
> Task :app:preDebugBuild UP-TO-DATE
> Task :app:checkDebugAarMetadata UP-TO-DATE
> Task :app:processDebugNavigationResources UP-TO-DATE
> Task :app:compileDebugNavigationResources UP-TO-DATE
> Task :app:generateDebugResValues UP-TO-DATE
> Task :app:processDebugGoogleServices UP-TO-DATE
> Task :app:mapDebugSourceSetPaths UP-TO-DATE
> Task :app:generateDebugResources UP-TO-DATE
> Task :app:mergeDebugResources UP-TO-DATE
> Task :app:packageDebugResources UP-TO-DATE
> Task :app:parseDebugLocalResources UP-TO-DATE
> Task :app:createDebugCompatibleScreenManifests UP-TO-DATE
> Task :app:extractDeepLinksDebug UP-TO-DATE
> Task :app:processDebugMainManifest UP-TO-DATE
> Task :app:processDebugManifest UP-TO-DATE
> Task :app:processDebugManifestForPackage UP-TO-DATE
> Task :app:processDebugResources UP-TO-DATE

> Task :app:compileDebugKotlin FAILED
e: file:///home/mfavian/project/project-akhir-final/DeisaCompose/app/src/main/java/com/example/deisacompose/ui/screens/FocusModeScreen.kt:67:47 @Composable invocations can only happen from the context of a @Composable function
e: file:///home/mfavian/project/project-akhir-final/DeisaCompose/app/src/main/java/com/example/deisacompose/ui/screens/LoginScreen.kt:228:29 No parameter with name 'keyboardOptions' found.
e: file:///home/mfavian/project/project-akhir-final/DeisaCompose/app/src/main/java/com/example/deisacompose/ui/screens/LoginScreen.kt:232:29 No parameter with name 'keyboardActions' found.
e: file:///home/mfavian/project/project-akhir-final/DeisaCompose/app/src/main/java/com/example/deisacompose/ui/screens/LoginScreen.kt:246:29 No parameter with name 'visualTransformation' found.
e: file:///home/mfavian/project/project-akhir-final/DeisaCompose/app/src/main/java/com/example/deisacompose/ui/screens/LoginScreen.kt:247:29 No parameter with name 'trailingIcon' found.
e: file:///home/mfavian/project/project-akhir-final/DeisaCompose/app/src/main/java/com/example/deisacompose/ui/screens/LoginScreen.kt:248:33 @Composable invocations can only happen from the context of a @Composable function
e: file:///home/mfavian/project/project-akhir-final/DeisaCompose/app/src/main/java/com/example/deisacompose/ui/screens/LoginScreen.kt:256:29 No parameter with name 'keyboardOptions' found.
e: file:///home/mfavian/project/project-akhir-final/DeisaCompose/app/src/main/java/com/example/deisacompose/ui/screens/LoginScreen.kt:260:29 No parameter with name 'keyboardActions' found.
e: file:///home/mfavian/project/project-akhir-final/DeisaCompose/app/src/main/java/com/example/deisacompose/ui/screens/ObatAddScreen.kt:90:26 Unresolved reference 'DeisaNavy'.
e: file:///home/mfavian/project/project-akhir-final/DeisaCompose/app/src/main/java/com/example/deisacompose/ui/screens/ObatAddScreen.kt:92:13 Unresolved reference 'StitchTopBar'.
e: file:///home/mfavian/project/project-akhir-final/DeisaCompose/app/src/main/java/com/example/deisacompose/ui/screens/ObatAddScreen.kt:112:34 Unresolved reference 'FontWeight'.
e: file:///home/mfavian/project/project-akhir-final/DeisaCompose/app/src/main/java/com/example/deisacompose/ui/screens/ObatAddScreen.kt:113:29 Unresolved reference 'Color'.
e: file:///home/mfavian/project/project-akhir-final/DeisaCompose/app/src/main/java/com/example/deisacompose/ui/screens/ObatAddScreen.kt:118:29 Unresolved reference 'Color'.
e: file:///home/mfavian/project/project-akhir-final/DeisaCompose/app/src/main/java/com/example/deisacompose/ui/screens/ObatAddScreen.kt:181:29 Unresolved reference 'DangerRed'.
e: file:///home/mfavian/project/project-akhir-final/DeisaCompose/app/src/main/java/com/example/deisacompose/ui/screens/ObatDetailScreen.kt:62:47 Unresolved reference 'background'.
e: file:///home/mfavian/project/project-akhir-final/DeisaCompose/app/src/main/java/com/example/deisacompose/ui/screens/ObatDetailScreen.kt:62:58 Unresolved reference 'DeisaNavy'.
e: file:///home/mfavian/project/project-akhir-final/DeisaCompose/app/src/main/java/com/example/deisacompose/ui/screens/ObatDetailScreen.kt:63:47 Unresolved reference 'DeisaBlue'.
e: file:///home/mfavian/project/project-akhir-final/DeisaCompose/app/src/main/java/com/example/deisacompose/ui/screens/ObatDetailScreen.kt:69:26 Unresolved reference 'DeisaNavy'.
e: file:///home/mfavian/project/project-akhir-final/DeisaCompose/app/src/main/java/com/example/deisacompose/ui/screens/ObatDetailScreen.kt:71:13 Unresolved reference 'StitchTopBar'.
e: file:///home/mfavian/project/project-akhir-final/DeisaCompose/app/src/main/java/com/example/deisacompose/ui/screens/ObatDetailScreen.kt:91:58 Unresolved reference 'DangerRed'.
e: file:///home/mfavian/project/project-akhir-final/DeisaCompose/app/src/main/java/com/example/deisacompose/ui/screens/ObatDetailScreen.kt:91:73 Unresolved reference 'SuccessGreen'.
e: file:///home/mfavian/project/project-akhir-final/DeisaCompose/app/src/main/java/com/example/deisacompose/ui/screens/ObatDetailScreen.kt:96:26 Unresolved reference 'clip'.
e: file:///home/mfavian/project/project-akhir-final/DeisaCompose/app/src/main/java/com/example/deisacompose/ui/screens/ObatDetailScreen.kt:97:37 Unresolved reference 'DeisaSoftNavy'.
e: file:///home/mfavian/project/project-akhir-final/DeisaCompose/app/src/main/java/com/example/deisacompose/ui/screens/ObatDetailScreen.kt:98:39 Unresolved reference 'Color'.
e: file:///home/mfavian/project/project-akhir-final/DeisaCompose/app/src/main/java/com/example/deisacompose/ui/screens/ObatDetailScreen.kt:115:29 Unresolved reference 'Color'.
e: file:///home/mfavian/project/project-akhir-final/DeisaCompose/app/src/main/java/com/example/deisacompose/ui/screens/ObatDetailScreen.kt:121:29 Unresolved reference 'Color'.
e: file:///home/mfavian/project/project-akhir-final/DeisaCompose/app/src/main/java/com/example/deisacompose/ui/screens/ObatDetailScreen.kt:141:37 Unresolved reference 'Color'.
e: file:///home/mfavian/project/project-akhir-final/DeisaCompose/app/src/main/java/com/example/deisacompose/ui/screens/ObatDetailScreen.kt:143:47 Unresolved reference 'sp'.
e: file:///home/mfavian/project/project-akhir-final/DeisaCompose/app/src/main/java/com/example/deisacompose/ui/screens/ObatDetailScreen.kt:148:88 Unresolved reference 'Color'.
e: file:///home/mfavian/project/project-akhir-final/DeisaCompose/app/src/main/java/com/example/deisacompose/ui/screens/ObatDetailScreen.kt:151:34 Unresolved reference 'clip'.
e: file:///home/mfavian/project/project-akhir-final/DeisaCompose/app/src/main/java/com/example/deisacompose/ui/screens/ObatDetailScreen.kt:152:45 Unresolved reference 'DangerRed'.
e: file:///home/mfavian/project/project-akhir-final/DeisaCompose/app/src/main/java/com/example/deisacompose/ui/screens/ObatDetailScreen.kt:157:41 Unresolved reference 'DangerRed'.
e: file:///home/mfavian/project/project-akhir-final/DeisaCompose/app/src/main/java/com/example/deisacompose/ui/screens/ObatDetailScreen.kt:204:83 Unresolved reference 'DangerRed'.
e: file:///home/mfavian/project/project-akhir-final/DeisaCompose/app/src/main/java/com/example/deisacompose/ui/screens/ObatDetailScreen.kt:206:38 Unresolved reference 'BorderStroke'.
e: file:///home/mfavian/project/project-akhir-final/DeisaCompose/app/src/main/java/com/example/deisacompose/ui/screens/ObatDetailScreen.kt:206:57 Unresolved reference 'DangerRed'.
e: file:///home/mfavian/project/project-akhir-final/DeisaCompose/app/src/main/java/com/example/deisacompose/ui/screens/ObatDetailScreen.kt:208:90 Unresolved reference 'DangerRed'.
e: file:///home/mfavian/project/project-akhir-final/DeisaCompose/app/src/main/java/com/example/deisacompose/ui/screens/ObatDetailScreen.kt:221:30 Unresolved reference 'DeisaSoftNavy'.
e: file:///home/mfavian/project/project-akhir-final/DeisaCompose/app/src/main/java/com/example/deisacompose/ui/screens/ObatDetailScreen.kt:222:33 Unresolved reference 'Color'.
e: file:///home/mfavian/project/project-akhir-final/DeisaCompose/app/src/main/java/com/example/deisacompose/ui/screens/ObatDetailScreen.kt:223:32 Unresolved reference 'Color'.
e: file:///home/mfavian/project/project-akhir-final/DeisaCompose/app/src/main/java/com/example/deisacompose/ui/screens/ObatDetailScreen.kt:233:66 Unresolved reference 'Color'.
e: file:///home/mfavian/project/project-akhir-final/DeisaCompose/app/src/main/java/com/example/deisacompose/ui/screens/ObatDetailScreen.kt:237:53 Unresolved reference 'DeisaNavy'.
e: file:///home/mfavian/project/project-akhir-final/DeisaCompose/app/src/main/java/com/example/deisacompose/ui/screens/ObatDetailScreen.kt:238:55 Unresolved reference 'DeisaNavy'.
e: file:///home/mfavian/project/project-akhir-final/DeisaCompose/app/src/main/java/com/example/deisacompose/ui/screens/ObatDetailScreen.kt:239:50 Unresolved reference 'DeisaBlue'.
e: file:///home/mfavian/project/project-akhir-final/DeisaCompose/app/src/main/java/com/example/deisacompose/ui/screens/ObatDetailScreen.kt:240:52 Unresolved reference 'Color'.
e: file:///home/mfavian/project/project-akhir-final/DeisaCompose/app/src/main/java/com/example/deisacompose/ui/screens/ObatDetailScreen.kt:241:48 Unresolved reference 'Color'.
e: file:///home/mfavian/project/project-akhir-final/DeisaCompose/app/src/main/java/com/example/deisacompose/ui/screens/ObatDetailScreen.kt:242:50 Unresolved reference 'Color'.
e: file:///home/mfavian/project/project-akhir-final/DeisaCompose/app/src/main/java/com/example/deisacompose/ui/screens/ObatDetailScreen.kt:261:44 Unresolved reference 'Color'.
e: file:///home/mfavian/project/project-akhir-final/DeisaCompose/app/src/main/java/com/example/deisacompose/ui/screens/ObatDetailScreen.kt:270:30 Unresolved reference 'DeisaSoftNavy'.
e: file:///home/mfavian/project/project-akhir-final/DeisaCompose/app/src/main/java/com/example/deisacompose/ui/screens/ObatDetailScreen.kt:271:33 Unresolved reference 'Color'.
e: file:///home/mfavian/project/project-akhir-final/DeisaCompose/app/src/main/java/com/example/deisacompose/ui/screens/ObatDetailScreen.kt:272:32 Unresolved reference 'Color'.
e: file:///home/mfavian/project/project-akhir-final/DeisaCompose/app/src/main/java/com/example/deisacompose/ui/screens/ObatDetailScreen.kt:280:52 Unresolved reference 'DangerRed'.
e: file:///home/mfavian/project/project-akhir-final/DeisaCompose/app/src/main/java/com/example/deisacompose/ui/screens/ObatDetailScreen.kt:285:44 Unresolved reference 'Color'.
e: file:///home/mfavian/project/project-akhir-final/DeisaCompose/app/src/main/java/com/example/deisacompose/ui/screens/ObatListScreen.kt:54:26 Unresolved reference 'DeisaNavy'.
e: file:///home/mfavian/project/project-akhir-final/DeisaCompose/app/src/main/java/com/example/deisacompose/ui/screens/ObatListScreen.kt:56:13 Unresolved reference 'StitchTopBar'.
e: file:///home/mfavian/project/project-akhir-final/DeisaCompose/app/src/main/java/com/example/deisacompose/ui/screens/ObatListScreen.kt:66:38 Unresolved reference 'DeisaBlue'.
e: file:///home/mfavian/project/project-akhir-final/DeisaCompose/app/src/main/java/com/example/deisacompose/ui/screens/ObatListScreen.kt:99:49 Unresolved reference 'DeisaSoftNavy'.
e: file:///home/mfavian/project/project-akhir-final/DeisaCompose/app/src/main/java/com/example/deisacompose/ui/screens/ObatListScreen.kt:100:51 Unresolved reference 'DeisaSoftNavy'.
e: file:///home/mfavian/project/project-akhir-final/DeisaCompose/app/src/main/java/com/example/deisacompose/ui/screens/ObatListScreen.kt:101:46 Unresolved reference 'DeisaBlue'.
e: file:///home/mfavian/project/project-akhir-final/DeisaCompose/app/src/main/java/com/example/deisacompose/ui/screens/ObatListScreen.kt:115:21 No parameter with name 'accentColor' found.
e: file:///home/mfavian/project/project-akhir-final/DeisaCompose/app/src/main/java/com/example/deisacompose/ui/screens/ObatListScreen.kt:115:35 Unresolved reference 'DangerRed'.
e: file:///home/mfavian/project/project-akhir-final/DeisaCompose/app/src/main/java/com/example/deisacompose/ui/screens/ObatListScreen.kt:122:55 Unresolved reference 'DeisaBlue'.
e: file:///home/mfavian/project/project-akhir-final/DeisaCompose/app/src/main/java/com/example/deisacompose/ui/screens/ObatListScreen.kt:146:39 Unresolved reference 'DangerRed'.
e: file:///home/mfavian/project/project-akhir-final/DeisaCompose/app/src/main/java/com/example/deisacompose/ui/screens/ObatListScreen.kt:146:54 Unresolved reference 'SuccessGreen'.
e: file:///home/mfavian/project/project-akhir-final/DeisaCompose/app/src/main/java/com/example/deisacompose/ui/screens/ObatListScreen.kt:151:14 Unresolved reference 'clip'.
e: file:///home/mfavian/project/project-akhir-final/DeisaCompose/app/src/main/java/com/example/deisacompose/ui/screens/ObatListScreen.kt:152:25 Unresolved reference 'DeisaSoftNavy'.
e: file:///home/mfavian/project/project-akhir-final/DeisaCompose/app/src/main/java/com/example/deisacompose/ui/screens/ObatListScreen.kt:153:14 Unresolved reference 'border'.
e: file:///home/mfavian/project/project-akhir-final/DeisaCompose/app/src/main/java/com/example/deisacompose/ui/screens/ObatListScreen.kt:180:30 Unresolved reference 'clip'.
e: file:///home/mfavian/project/project-akhir-final/DeisaCompose/app/src/main/java/com/example/deisacompose/ui/screens/ObatListScreen.kt:181:41 Unresolved reference 'DangerRed'.
e: file:///home/mfavian/project/project-akhir-final/DeisaCompose/app/src/main/java/com/example/deisacompose/ui/screens/ObatListScreen.kt:186:37 Unresolved reference 'DangerRed'.
e: file:///home/mfavian/project/project-akhir-final/DeisaCompose/app/src/main/java/com/example/deisacompose/ui/screens/ObatListScreen.kt:209:43 Unresolved reference 'sp'.
e: file:///home/mfavian/project/project-akhir-final/DeisaCompose/app/src/main/java/com/example/deisacompose/ui/screens/ObatListScreen.kt:222:26 Unresolved reference 'clip'.
e: file:///home/mfavian/project/project-akhir-final/DeisaCompose/app/src/main/java/com/example/deisacompose/ui/screens/ObatListScreen.kt:223:37 Unresolved reference 'DeisaNavy'.
e: file:///home/mfavian/project/project-akhir-final/DeisaCompose/app/src/main/java/com/example/deisacompose/ui/screens/ObatListScreen.kt:224:26 Unresolved reference 'border'.
e: file:///home/mfavian/project/project-akhir-final/DeisaCompose/app/src/main/java/com/example/deisacompose/ui/screens/ObatListScreen.kt:254:25 Syntax error: Expecting a top level declaration.
e: file:///home/mfavian/project/project-akhir-final/DeisaCompose/app/src/main/java/com/example/deisacompose/ui/screens/ObatListScreen.kt:254:31 Syntax error: Expecting a top level declaration.
e: file:///home/mfavian/project/project-akhir-final/DeisaCompose/app/src/main/java/com/example/deisacompose/ui/screens/ObatListScreen.kt:254:33 Syntax error: Expecting a top level declaration.
e: file:///home/mfavian/project/project-akhir-final/DeisaCompose/app/src/main/java/com/example/deisacompose/ui/screens/ObatListScreen.kt:254:46 Syntax error: Expecting a top level declaration.
e: file:///home/mfavian/project/project-akhir-final/DeisaCompose/app/src/main/java/com/example/deisacompose/ui/screens/ObatListScreen.kt:254:47 Syntax error: Expecting a top level declaration.
e: file:///home/mfavian/project/project-akhir-final/DeisaCompose/app/src/main/java/com/example/deisacompose/ui/screens/ObatListScreen.kt:254:57 Syntax error: Expecting a top level declaration.
e: file:///home/mfavian/project/project-akhir-final/DeisaCompose/app/src/main/java/com/example/deisacompose/ui/screens/ObatListScreen.kt:254:58 Syntax error: Expecting a top level declaration.
e: file:///home/mfavian/project/project-akhir-final/DeisaCompose/app/src/main/java/com/example/deisacompose/ui/screens/ObatListScreen.kt:254:69 Syntax error: Expecting a top level declaration.
e: file:///home/mfavian/project/project-akhir-final/DeisaCompose/app/src/main/java/com/example/deisacompose/ui/screens/ObatListScreen.kt:255:25 Syntax error: Expecting a top level declaration.
e: file:///home/mfavian/project/project-akhir-final/DeisaCompose/app/src/main/java/com/example/deisacompose/ui/screens/ObatListScreen.kt:255:31 Syntax error: Expecting a top level declaration.
e: file:///home/mfavian/project/project-akhir-final/DeisaCompose/app/src/main/java/com/example/deisacompose/ui/screens/ObatListScreen.kt:255:33 Syntax error: Expecting a top level declaration.
e: file:///home/mfavian/project/project-akhir-final/DeisaCompose/app/src/main/java/com/example/deisacompose/ui/screens/ObatListScreen.kt:255:38 Syntax error: Expecting a top level declaration.
e: file:///home/mfavian/project/project-akhir-final/DeisaCompose/app/src/main/java/com/example/deisacompose/ui/screens/ObatListScreen.kt:255:39 Syntax error: Expecting a top level declaration.
e: file:///home/mfavian/project/project-akhir-final/DeisaCompose/app/src/main/java/com/example/deisacompose/ui/screens/ObatListScreen.kt:256:21 Syntax error: Expecting a top level declaration.
e: file:///home/mfavian/project/project-akhir-final/DeisaCompose/app/src/main/java/com/example/deisacompose/ui/screens/ObatListScreen.kt:257:17 Syntax error: Expecting a top level declaration.
e: file:///home/mfavian/project/project-akhir-final/DeisaCompose/app/src/main/java/com/example/deisacompose/ui/screens/ObatListScreen.kt:259:17 Syntax error: Expecting a top level declaration.
e: file:///home/mfavian/project/project-akhir-final/DeisaCompose/app/src/main/java/com/example/deisacompose/ui/screens/ObatListScreen.kt:259:23 Syntax error: Expecting a top level declaration.
e: file:///home/mfavian/project/project-akhir-final/DeisaCompose/app/src/main/java/com/example/deisacompose/ui/screens/ObatListScreen.kt:260:21 Syntax error: Expecting a top level declaration.
e: file:///home/mfavian/project/project-akhir-final/DeisaCompose/app/src/main/java/com/example/deisacompose/ui/screens/ObatListScreen.kt:260:29 Syntax error: Expecting a top level declaration.
e: file:///home/mfavian/project/project-akhir-final/DeisaCompose/app/src/main/java/com/example/deisacompose/ui/screens/ObatListScreen.kt:260:31 Syntax error: Expecting a top level declaration.
e: file:///home/mfavian/project/project-akhir-final/DeisaCompose/app/src/main/java/com/example/deisacompose/ui/screens/ObatListScreen.kt:260:40 Syntax error: Expecting a top level declaration.
e: file:///home/mfavian/project/project-akhir-final/DeisaCompose/app/src/main/java/com/example/deisacompose/ui/screens/ObatListScreen.kt:261:21 Syntax error: Expecting a top level declaration.
e: file:///home/mfavian/project/project-akhir-final/DeisaCompose/app/src/main/java/com/example/deisacompose/ui/screens/ObatListScreen.kt:261:27 Syntax error: Expecting a top level declaration.
e: file:///home/mfavian/project/project-akhir-final/DeisaCompose/app/src/main/java/com/example/deisacompose/ui/screens/ObatListScreen.kt:261:29 Syntax error: Expecting a top level declaration.
e: file:///home/mfavian/project/project-akhir-final/DeisaCompose/app/src/main/java/com/example/deisacompose/ui/screens/ObatListScreen.kt:261:47 Syntax error: Expecting a top level declaration.
e: file:///home/mfavian/project/project-akhir-final/DeisaCompose/app/src/main/java/com/example/deisacompose/ui/screens/ObatListScreen.kt:261:48 Syntax error: Expecting a top level declaration.
e: file:///home/mfavian/project/project-akhir-final/DeisaCompose/app/src/main/java/com/example/deisacompose/ui/screens/ObatListScreen.kt:261:50 Syntax error: Expecting a top level declaration.
e: file:///home/mfavian/project/project-akhir-final/DeisaCompose/app/src/main/java/com/example/deisacompose/ui/screens/ObatListScreen.kt:261:51 Syntax error: Expecting a top level declaration.
e: file:///home/mfavian/project/project-akhir-final/DeisaCompose/app/src/main/java/com/example/deisacompose/ui/screens/ObatListScreen.kt:261:53 Syntax error: Expecting a top level declaration.
e: file:///home/mfavian/project/project-akhir-final/DeisaCompose/app/src/main/java/com/example/deisacompose/ui/screens/ObatListScreen.kt:261:54 Syntax error: Expecting a top level declaration.
e: file:///home/mfavian/project/project-akhir-final/DeisaCompose/app/src/main/java/com/example/deisacompose/ui/screens/ObatListScreen.kt:262:21 Syntax error: Expecting a top level declaration.
e: file:///home/mfavian/project/project-akhir-final/DeisaCompose/app/src/main/java/com/example/deisacompose/ui/screens/ObatListScreen.kt:262:28 Syntax error: Expecting a top level declaration.
e: file:///home/mfavian/project/project-akhir-final/DeisaCompose/app/src/main/java/com/example/deisacompose/ui/screens/ObatListScreen.kt:262:30 Syntax error: Expecting a top level declaration.
e: file:///home/mfavian/project/project-akhir-final/DeisaCompose/app/src/main/java/com/example/deisacompose/ui/screens/ObatListScreen.kt:262:44 Syntax error: Expecting a top level declaration.
e: file:///home/mfavian/project/project-akhir-final/DeisaCompose/app/src/main/java/com/example/deisacompose/ui/screens/ObatListScreen.kt:262:45 Syntax error: Expecting a top level declaration.
e: file:///home/mfavian/project/project-akhir-final/DeisaCompose/app/src/main/java/com/example/deisacompose/ui/screens/ObatListScreen.kt:262:57 Syntax error: Expecting a top level declaration.
e: file:///home/mfavian/project/project-akhir-final/DeisaCompose/app/src/main/java/com/example/deisacompose/ui/screens/ObatListScreen.kt:263:25 Syntax error: Expecting a top level declaration.
e: file:///home/mfavian/project/project-akhir-final/DeisaCompose/app/src/main/java/com/example/deisacompose/ui/screens/ObatListScreen.kt:263:40 Syntax error: Expecting a top level declaration.
e: file:///home/mfavian/project/project-akhir-final/DeisaCompose/app/src/main/java/com/example/deisacompose/ui/screens/ObatListScreen.kt:263:42 Syntax error: Expecting a top level declaration.
e: file:///home/mfavian/project/project-akhir-final/DeisaCompose/app/src/main/java/com/example/deisacompose/ui/screens/ObatListScreen.kt:263:47 Syntax error: Expecting a top level declaration.
e: file:///home/mfavian/project/project-akhir-final/DeisaCompose/app/src/main/java/com/example/deisacompose/ui/screens/ObatListScreen.kt:263:48 Syntax error: Expecting a top level declaration.
e: file:///home/mfavian/project/project-akhir-final/DeisaCompose/app/src/main/java/com/example/deisacompose/ui/screens/ObatListScreen.kt:263:58 Syntax error: Expecting a top level declaration.
e: file:///home/mfavian/project/project-akhir-final/DeisaCompose/app/src/main/java/com/example/deisacompose/ui/screens/ObatListScreen.kt:263:59 Syntax error: Expecting a top level declaration.
e: file:///home/mfavian/project/project-akhir-final/DeisaCompose/app/src/main/java/com/example/deisacompose/ui/screens/ObatListScreen.kt:263:60 Syntax error: Expecting a top level declaration.
e: file:///home/mfavian/project/project-akhir-final/DeisaCompose/app/src/main/java/com/example/deisacompose/ui/screens/ObatListScreen.kt:263:64 Syntax error: Expecting a top level declaration.
e: file:///home/mfavian/project/project-akhir-final/DeisaCompose/app/src/main/java/com/example/deisacompose/ui/screens/ObatListScreen.kt:263:65 Syntax error: Expecting a top level declaration.
e: file:///home/mfavian/project/project-akhir-final/DeisaCompose/app/src/main/java/com/example/deisacompose/ui/screens/ObatListScreen.kt:263:71 Syntax error: Expecting a top level declaration.
e: file:///home/mfavian/project/project-akhir-final/DeisaCompose/app/src/main/java/com/example/deisacompose/ui/screens/ObatListScreen.kt:263:73 Syntax error: Expecting a top level declaration.
e: file:///home/mfavian/project/project-akhir-final/DeisaCompose/app/src/main/java/com/example/deisacompose/ui/screens/ObatListScreen.kt:263:77 Syntax error: Expecting a top level declaration.
e: file:///home/mfavian/project/project-akhir-final/DeisaCompose/app/src/main/java/com/example/deisacompose/ui/screens/ObatListScreen.kt:263:78 Syntax error: Expecting a top level declaration.
e: file:///home/mfavian/project/project-akhir-final/DeisaCompose/app/src/main/java/com/example/deisacompose/ui/screens/ObatListScreen.kt:264:25 Syntax error: Expecting a top level declaration.
e: file:///home/mfavian/project/project-akhir-final/DeisaCompose/app/src/main/java/com/example/deisacompose/ui/screens/ObatListScreen.kt:264:38 Syntax error: Expecting a top level declaration.
e: file:///home/mfavian/project/project-akhir-final/DeisaCompose/app/src/main/java/com/example/deisacompose/ui/screens/ObatListScreen.kt:264:40 Syntax error: Expecting a top level declaration.
e: file:///home/mfavian/project/project-akhir-final/DeisaCompose/app/src/main/java/com/example/deisacompose/ui/screens/ObatListScreen.kt:264:45 Syntax error: Expecting a top level declaration.
e: file:///home/mfavian/project/project-akhir-final/DeisaCompose/app/src/main/java/com/example/deisacompose/ui/screens/ObatListScreen.kt:264:46 Syntax error: Expecting a top level declaration.
e: file:///home/mfavian/project/project-akhir-final/DeisaCompose/app/src/main/java/com/example/deisacompose/ui/screens/ObatListScreen.kt:264:56 Syntax error: Expecting a top level declaration.
e: file:///home/mfavian/project/project-akhir-final/DeisaCompose/app/src/main/java/com/example/deisacompose/ui/screens/ObatListScreen.kt:265:21 Syntax error: Expecting a top level declaration.
e: file:///home/mfavian/project/project-akhir-final/DeisaCompose/app/src/main/java/com/example/deisacompose/ui/screens/ObatListScreen.kt:265:22 Syntax error: Expecting a top level declaration.
e: file:///home/mfavian/project/project-akhir-final/DeisaCompose/app/src/main/java/com/example/deisacompose/ui/screens/ObatListScreen.kt:266:21 Syntax error: Expecting a top level declaration.
e: file:///home/mfavian/project/project-akhir-final/DeisaCompose/app/src/main/java/com/example/deisacompose/ui/screens/ObatListScreen.kt:266:30 Syntax error: Expecting a top level declaration.
e: file:///home/mfavian/project/project-akhir-final/DeisaCompose/app/src/main/java/com/example/deisacompose/ui/screens/ObatListScreen.kt:266:32 Syntax error: Expecting a top level declaration.
e: file:///home/mfavian/project/project-akhir-final/DeisaCompose/app/src/main/java/com/example/deisacompose/ui/screens/ObatListScreen.kt:266:40 Syntax error: Expecting a top level declaration.
e: file:///home/mfavian/project/project-akhir-final/DeisaCompose/app/src/main/java/com/example/deisacompose/ui/screens/ObatListScreen.kt:266:41 Syntax error: Expecting a top level declaration.
e: file:///home/mfavian/project/project-akhir-final/DeisaCompose/app/src/main/java/com/example/deisacompose/ui/screens/ObatListScreen.kt:266:47 Syntax error: Expecting a top level declaration.
e: file:///home/mfavian/project/project-akhir-final/DeisaCompose/app/src/main/java/com/example/deisacompose/ui/screens/ObatListScreen.kt:266:48 Syntax error: Expecting a top level declaration.
e: file:///home/mfavian/project/project-akhir-final/DeisaCompose/app/src/main/java/com/example/deisacompose/ui/screens/ObatListScreen.kt:266:50 Syntax error: Expecting a top level declaration.
e: file:///home/mfavian/project/project-akhir-final/DeisaCompose/app/src/main/java/com/example/deisacompose/ui/screens/ObatListScreen.kt:266:51 Syntax error: Expecting a top level declaration.
e: file:///home/mfavian/project/project-akhir-final/DeisaCompose/app/src/main/java/com/example/deisacompose/ui/screens/ObatListScreen.kt:266:53 Syntax error: Expecting a top level declaration.
e: file:///home/mfavian/project/project-akhir-final/DeisaCompose/app/src/main/java/com/example/deisacompose/ui/screens/ObatListScreen.kt:267:17 Syntax error: Expecting a top level declaration.
e: file:///home/mfavian/project/project-akhir-final/DeisaCompose/app/src/main/java/com/example/deisacompose/ui/screens/ObatListScreen.kt:267:19 Syntax error: Expecting a top level declaration.
e: file:///home/mfavian/project/project-akhir-final/DeisaCompose/app/src/main/java/com/example/deisacompose/ui/screens/ObatListScreen.kt:267:19 Functions which invoke @Composable functions must be marked with the @Composable annotation
e: file:///home/mfavian/project/project-akhir-final/DeisaCompose/app/src/main/java/com/example/deisacompose/ui/screens/ObatListScreen.kt:267:19 Function declaration must have a name.
e: file:///home/mfavian/project/project-akhir-final/DeisaCompose/app/src/main/java/com/example/deisacompose/ui/screens/ObatListScreen.kt:268:21 @Composable invocations can only happen from the context of a @Composable function
e: file:///home/mfavian/project/project-akhir-final/DeisaCompose/app/src/main/java/com/example/deisacompose/ui/screens/ObatListScreen.kt:269:21 @Composable invocations can only happen from the context of a @Composable function
e: file:///home/mfavian/project/project-akhir-final/DeisaCompose/app/src/main/java/com/example/deisacompose/ui/screens/ObatListScreen.kt:270:21 @Composable invocations can only happen from the context of a @Composable function
e: file:///home/mfavian/project/project-akhir-final/DeisaCompose/app/src/main/java/com/example/deisacompose/ui/screens/ObatListScreen.kt:272:13 Syntax error: Expecting a top level declaration.
e: file:///home/mfavian/project/project-akhir-final/DeisaCompose/app/src/main/java/com/example/deisacompose/ui/screens/ObatListScreen.kt:273:9 Syntax error: Expecting a top level declaration.
e: file:///home/mfavian/project/project-akhir-final/DeisaCompose/app/src/main/java/com/example/deisacompose/ui/screens/ObatListScreen.kt:274:5 Syntax error: Expecting a top level declaration.
e: file:///home/mfavian/project/project-akhir-final/DeisaCompose/app/src/main/java/com/example/deisacompose/ui/screens/ObatListScreen.kt:275:1 Syntax error: Expecting a top level declaration.
e: file:///home/mfavian/project/project-akhir-final/DeisaCompose/app/src/main/java/com/example/deisacompose/ui/screens/RegisterScreen.kt:90:25 Unresolved reference 'DeisaNavy'.
e: file:///home/mfavian/project/project-akhir-final/DeisaCompose/app/src/main/java/com/example/deisacompose/ui/screens/RegisterScreen.kt:100:41 Unresolved reference 'DeisaBlue'.
e: file:///home/mfavian/project/project-akhir-final/DeisaCompose/app/src/main/java/com/example/deisacompose/ui/screens/RegisterScreen.kt:100:71 Unresolved reference 'Color'.
e: file:///home/mfavian/project/project-akhir-final/DeisaCompose/app/src/main/java/com/example/deisacompose/ui/screens/RegisterScreen.kt:127:30 Unresolved reference 'clip'.
e: file:///home/mfavian/project/project-akhir-final/DeisaCompose/app/src/main/java/com/example/deisacompose/ui/screens/RegisterScreen.kt:128:41 Unresolved reference 'Color'.
e: file:///home/mfavian/project/project-akhir-final/DeisaCompose/app/src/main/java/com/example/deisacompose/ui/screens/RegisterScreen.kt:129:30 Unresolved reference 'border'.
e: file:///home/mfavian/project/project-akhir-final/DeisaCompose/app/src/main/java/com/example/deisacompose/ui/screens/RegisterScreen.kt:129:43 Unresolved reference 'Color'.
e: file:///home/mfavian/project/project-akhir-final/DeisaCompose/app/src/main/java/com/example/deisacompose/ui/screens/RegisterScreen.kt:139:33 Unresolved reference 'Color'.
e: file:///home/mfavian/project/project-akhir-final/DeisaCompose/app/src/main/java/com/example/deisacompose/ui/screens/RegisterScreen.kt:144:33 Unresolved reference 'Color'.
e: file:///home/mfavian/project/project-akhir-final/DeisaCompose/app/src/main/java/com/example/deisacompose/ui/screens/RegisterScreen.kt:152:48 Unresolved reference 'tween'.
e: file:///home/mfavian/project/project-akhir-final/DeisaCompose/app/src/main/java/com/example/deisacompose/ui/screens/RegisterScreen.kt:152:96 Unresolved reference 'tween'.
e: file:///home/mfavian/project/project-akhir-final/DeisaCompose/app/src/main/java/com/example/deisacompose/ui/screens/RegisterScreen.kt:157:26 Unresolved reference 'clip'.
e: file:///home/mfavian/project/project-akhir-final/DeisaCompose/app/src/main/java/com/example/deisacompose/ui/screens/RegisterScreen.kt:158:37 Unresolved reference 'DeisaSoftNavy'.
e: file:///home/mfavian/project/project-akhir-final/DeisaCompose/app/src/main/java/com/example/deisacompose/ui/screens/RegisterScreen.kt:159:26 Unresolved reference 'border'.
e: file:///home/mfavian/project/project-akhir-final/DeisaCompose/app/src/main/java/com/example/deisacompose/ui/screens/RegisterScreen.kt:159:39 Unresolved reference 'Color'.
e: file:///home/mfavian/project/project-akhir-final/DeisaCompose/app/src/main/java/com/example/deisacompose/ui/screens/RegisterScreen.kt:168:33 Unresolved reference 'DeisaBlue'.
e: file:///home/mfavian/project/project-akhir-final/DeisaCompose/app/src/main/java/com/example/deisacompose/ui/screens/RegisterScreen.kt:172:21 Unresolved reference 'PremiumTextField'.
e: file:///home/mfavian/project/project-akhir-final/DeisaCompose/app/src/main/java/com/example/deisacompose/ui/screens/RegisterScreen.kt:175:36 Unresolved reference 'it'.
e: file:///home/mfavian/project/project-akhir-final/DeisaCompose/app/src/main/java/com/example/deisacompose/ui/screens/RegisterScreen.kt:176:45 Unresolved reference 'it'.
e: file:///home/mfavian/project/project-akhir-final/DeisaCompose/app/src/main/java/com/example/deisacompose/ui/screens/RegisterScreen.kt:188:21 Unresolved reference 'PremiumTextField'.
e: file:///home/mfavian/project/project-akhir-final/DeisaCompose/app/src/main/java/com/example/deisacompose/ui/screens/RegisterScreen.kt:191:37 Unresolved reference 'it'.
e: file:///home/mfavian/project/project-akhir-final/DeisaCompose/app/src/main/java/com/example/deisacompose/ui/screens/RegisterScreen.kt:192:46 Unresolved reference 'it'.
e: file:///home/mfavian/project/project-akhir-final/DeisaCompose/app/src/main/java/com/example/deisacompose/ui/screens/RegisterScreen.kt:192:134 Unresolved reference 'it'.
e: file:///home/mfavian/project/project-akhir-final/DeisaCompose/app/src/main/java/com/example/deisacompose/ui/screens/RegisterScreen.kt:209:33 Unresolved reference 'DeisaBlue'.
e: file:///home/mfavian/project/project-akhir-final/DeisaCompose/app/src/main/java/com/example/deisacompose/ui/screens/RegisterScreen.kt:223:38 Unresolved reference 'clip'.
e: file:///home/mfavian/project/project-akhir-final/DeisaCompose/app/src/main/java/com/example/deisacompose/ui/screens/RegisterScreen.kt:224:65 Unresolved reference 'DeisaBlue'.
e: file:///home/mfavian/project/project-akhir-final/DeisaCompose/app/src/main/java/com/example/deisacompose/ui/screens/RegisterScreen.kt:224:80 Unresolved reference 'DeisaNavy'.
e: file:///home/mfavian/project/project-akhir-final/DeisaCompose/app/src/main/java/com/example/deisacompose/ui/screens/RegisterScreen.kt:225:38 Unresolved reference 'border'.
e: file:///home/mfavian/project/project-akhir-final/DeisaCompose/app/src/main/java/com/example/deisacompose/ui/screens/RegisterScreen.kt:225:67 Unresolved reference 'DeisaBlue'.
e: file:///home/mfavian/project/project-akhir-final/DeisaCompose/app/src/main/java/com/example/deisacompose/ui/screens/RegisterScreen.kt:225:82 Unresolved reference 'Color'.
e: file:///home/mfavian/project/project-akhir-final/DeisaCompose/app/src/main/java/com/example/deisacompose/ui/screens/RegisterScreen.kt:233:61 Unresolved reference 'Color'.
e: file:///home/mfavian/project/project-akhir-final/DeisaCompose/app/src/main/java/com/example/deisacompose/ui/screens/RegisterScreen.kt:233:78 Unresolved reference 'Color'.
e: file:///home/mfavian/project/project-akhir-final/DeisaCompose/app/src/main/java/com/example/deisacompose/ui/screens/RegisterScreen.kt:246:33 Unresolved reference 'DeisaBlue'.
e: file:///home/mfavian/project/project-akhir-final/DeisaCompose/app/src/main/java/com/example/deisacompose/ui/screens/RegisterScreen.kt:250:21 Unresolved reference 'PremiumTextField'.
e: file:///home/mfavian/project/project-akhir-final/DeisaCompose/app/src/main/java/com/example/deisacompose/ui/screens/RegisterScreen.kt:253:40 Unresolved reference 'it'.
e: file:///home/mfavian/project/project-akhir-final/DeisaCompose/app/src/main/java/com/example/deisacompose/ui/screens/RegisterScreen.kt:254:49 Unresolved reference 'it'.
e: file:///home/mfavian/project/project-akhir-final/DeisaCompose/app/src/main/java/com/example/deisacompose/ui/screens/RegisterScreen.kt:269:21 Unresolved reference 'PremiumTextField'.
e: file:///home/mfavian/project/project-akhir-final/DeisaCompose/app/src/main/java/com/example/deisacompose/ui/screens/RegisterScreen.kt:272:52 Unresolved reference 'it'.
e: file:///home/mfavian/project/project-akhir-final/DeisaCompose/app/src/main/java/com/example/deisacompose/ui/screens/RegisterScreen.kt:273:48 Unresolved reference 'it'.
e: file:///home/mfavian/project/project-akhir-final/DeisaCompose/app/src/main/java/com/example/deisacompose/ui/screens/RegisterScreen.kt:311:105 Unresolved reference 'Color'.
e: file:///home/mfavian/project/project-akhir-final/DeisaCompose/app/src/main/java/com/example/deisacompose/ui/screens/RegisterScreen.kt:317:37 Unresolved reference 'Color'.
e: file:///home/mfavian/project/project-akhir-final/DeisaCompose/app/src/main/java/com/example/deisacompose/ui/screens/RegisterScreen.kt:318:49 Unresolved reference 'clickable'.
e: file:///home/mfavian/project/project-akhir-final/DeisaCompose/app/src/main/java/com/example/deisacompose/ui/screens/RegisterScreen.kt:337:22 Unresolved reference 'clip'.
e: file:///home/mfavian/project/project-akhir-final/DeisaCompose/app/src/main/java/com/example/deisacompose/ui/screens/RegisterScreen.kt:338:48 Unresolved reference 'SuccessGreen'.
e: file:///home/mfavian/project/project-akhir-final/DeisaCompose/app/src/main/java/com/example/deisacompose/ui/screens/RegisterScreen.kt:338:85 Unresolved reference 'DangerRed'.
e: file:///home/mfavian/project/project-akhir-final/DeisaCompose/app/src/main/java/com/example/deisacompose/ui/screens/RegisterScreen.kt:342:108 Unresolved reference 'Color'.
e: file:///home/mfavian/project/project-akhir-final/DeisaCompose/app/src/main/java/com/example/deisacompose/ui/screens/RegisterScreen.kt:344:72 Unresolved reference 'Color'.
e: file:///home/mfavian/project/project-akhir-final/DeisaCompose/app/src/main/java/com/example/deisacompose/ui/screens/SakitAddScreen.kt:86:26 Unresolved reference 'DeisaNavy'.
e: file:///home/mfavian/project/project-akhir-final/DeisaCompose/app/src/main/java/com/example/deisacompose/ui/screens/SakitAddScreen.kt:88:13 Unresolved reference 'StitchTopBar'.
e: file:///home/mfavian/project/project-akhir-final/DeisaCompose/app/src/main/java/com/example/deisacompose/ui/screens/SakitAddScreen.kt:108:34 Unresolved reference 'FontWeight'.
e: file:///home/mfavian/project/project-akhir-final/DeisaCompose/app/src/main/java/com/example/deisacompose/ui/screens/SakitAddScreen.kt:109:29 Unresolved reference 'Color'.
e: file:///home/mfavian/project/project-akhir-final/DeisaCompose/app/src/main/java/com/example/deisacompose/ui/screens/SakitAddScreen.kt:114:29 Unresolved reference 'Color'.
e: file:///home/mfavian/project/project-akhir-final/DeisaCompose/app/src/main/java/com/example/deisacompose/ui/screens/SakitAddScreen.kt:120:17 This material API is experimental and is likely to change or to be removed in the future.
e: file:///home/mfavian/project/project-akhir-final/DeisaCompose/app/src/main/java/com/example/deisacompose/ui/screens/SakitAddScreen.kt:130:45 This material API is experimental and is likely to change or to be removed in the future.
e: file:///home/mfavian/project/project-akhir-final/DeisaCompose/app/src/main/java/com/example/deisacompose/ui/screens/SakitAddScreen.kt:133:21 This material API is experimental and is likely to change or to be removed in the future.
e: file:///home/mfavian/project/project-akhir-final/DeisaCompose/app/src/main/java/com/example/deisacompose/ui/screens/SakitAddScreen.kt:136:45 Unresolved reference 'background'.
e: file:///home/mfavian/project/project-akhir-final/DeisaCompose/app/src/main/java/com/example/deisacompose/ui/screens/SakitAddScreen.kt:136:56 Unresolved reference 'DeisaSoftNavy'.
e: file:///home/mfavian/project/project-akhir-final/DeisaCompose/app/src/main/java/com/example/deisacompose/ui/screens/SakitAddScreen.kt:142:75 Unresolved reference 'Color'.
e: file:///home/mfavian/project/project-akhir-final/DeisaCompose/app/src/main/java/com/example/deisacompose/ui/screens/SakitAddScreen.kt:142:101 Unresolved reference 'FontWeight'.
e: file:///home/mfavian/project/project-akhir-final/DeisaCompose/app/src/main/java/com/example/deisacompose/ui/screens/SakitAddScreen.kt:143:132 Unresolved reference 'Color'.
e: file:///home/mfavian/project/project-akhir-final/DeisaCompose/app/src/main/java/com/example/deisacompose/ui/screens/SakitAddScreen.kt:185:34 Unresolved reference 'FontWeight'.
e: file:///home/mfavian/project/project-akhir-final/DeisaCompose/app/src/main/java/com/example/deisacompose/ui/screens/SakitAddScreen.kt:186:29 Unresolved reference 'Color'.
e: file:///home/mfavian/project/project-akhir-final/DeisaCompose/app/src/main/java/com/example/deisacompose/ui/screens/SakitAddScreen.kt:198:34 Unresolved reference 'clip'.
e: file:///home/mfavian/project/project-akhir-final/DeisaCompose/app/src/main/java/com/example/deisacompose/ui/screens/SakitAddScreen.kt:199:87 Unresolved reference 'WarningOrange'.
e: file:///home/mfavian/project/project-akhir-final/DeisaCompose/app/src/main/java/com/example/deisacompose/ui/screens/SakitAddScreen.kt:199:106 Unresolved reference 'SuccessGreen'.
e: file:///home/mfavian/project/project-akhir-final/DeisaCompose/app/src/main/java/com/example/deisacompose/ui/screens/SakitAddScreen.kt:199:120 Unresolved reference 'copy'.
e: file:///home/mfavian/project/project-akhir-final/DeisaCompose/app/src/main/java/com/example/deisacompose/ui/screens/SakitAddScreen.kt:199:144 Unresolved reference 'DeisaSoftNavy'.
e: file:///home/mfavian/project/project-akhir-final/DeisaCompose/app/src/main/java/com/example/deisacompose/ui/screens/SakitAddScreen.kt:202:79 Unresolved reference 'WarningOrange'.
e: file:///home/mfavian/project/project-akhir-final/DeisaCompose/app/src/main/java/com/example/deisacompose/ui/screens/SakitAddScreen.kt:202:98 Unresolved reference 'SuccessGreen'.
e: file:///home/mfavian/project/project-akhir-final/DeisaCompose/app/src/main/java/com/example/deisacompose/ui/screens/SakitAddScreen.kt:202:117 Unresolved reference 'Color'.
e: file:///home/mfavian/project/project-akhir-final/DeisaCompose/app/src/main/java/com/example/deisacompose/ui/screens/SakitAddScreen.kt:210:83 Unresolved reference 'WarningOrange'.
e: file:///home/mfavian/project/project-akhir-final/DeisaCompose/app/src/main/java/com/example/deisacompose/ui/screens/SakitAddScreen.kt:210:102 Unresolved reference 'SuccessGreen'.
e: file:///home/mfavian/project/project-akhir-final/DeisaCompose/app/src/main/java/com/example/deisacompose/ui/screens/SakitAddScreen.kt:210:121 Unresolved reference 'Color'.
e: file:///home/mfavian/project/project-akhir-final/DeisaCompose/app/src/main/java/com/example/deisacompose/ui/screens/SakitAddScreen.kt:211:46 Unresolved reference 'FontWeight'.
e: file:///home/mfavian/project/project-akhir-final/DeisaCompose/app/src/main/java/com/example/deisacompose/ui/screens/SakitAddScreen.kt:221:29 Unresolved reference 'DangerRed'.
e: file:///home/mfavian/project/project-akhir-final/DeisaCompose/app/src/main/java/com/example/deisacompose/ui/screens/SakitAddScreen.kt:244:64 Unresolved reference 'WarningOrange'.
e: file:///home/mfavian/project/project-akhir-final/DeisaCompose/app/src/main/java/com/example/deisacompose/ui/screens/SakitAddScreen.kt:244:79 Unresolved reference 'Color'.
e: file:///home/mfavian/project/project-akhir-final/DeisaCompose/app/src/main/java/com/example/deisacompose/ui/screens/SakitAddScreen.kt:244:103 Unresolved reference 'BlueGradient'.
e: file:///home/mfavian/project/project-akhir-final/DeisaCompose/app/src/main/java/com/example/deisacompose/ui/screens/SakitDetailScreen.kt:60:47 Unresolved reference 'background'.
e: file:///home/mfavian/project/project-akhir-final/DeisaCompose/app/src/main/java/com/example/deisacompose/ui/screens/SakitDetailScreen.kt:60:58 Unresolved reference 'DeisaNavy'.
e: file:///home/mfavian/project/project-akhir-final/DeisaCompose/app/src/main/java/com/example/deisacompose/ui/screens/SakitDetailScreen.kt:61:47 Unresolved reference 'DeisaBlue'.
e: file:///home/mfavian/project/project-akhir-final/DeisaCompose/app/src/main/java/com/example/deisacompose/ui/screens/SakitDetailScreen.kt:67:26 Unresolved reference 'DeisaNavy'.
e: file:///home/mfavian/project/project-akhir-final/DeisaCompose/app/src/main/java/com/example/deisacompose/ui/screens/SakitDetailScreen.kt:69:13 Unresolved reference 'StitchTopBar'.
e: file:///home/mfavian/project/project-akhir-final/DeisaCompose/app/src/main/java/com/example/deisacompose/ui/screens/SakitDetailScreen.kt:90:64 Unresolved reference 'DangerRed'.
e: file:///home/mfavian/project/project-akhir-final/DeisaCompose/app/src/main/java/com/example/deisacompose/ui/screens/SakitDetailScreen.kt:90:79 Unresolved reference 'SuccessGreen'.
e: file:///home/mfavian/project/project-akhir-final/DeisaCompose/app/src/main/java/com/example/deisacompose/ui/screens/SakitDetailScreen.kt:95:26 Unresolved reference 'clip'.
e: file:///home/mfavian/project/project-akhir-final/DeisaCompose/app/src/main/java/com/example/deisacompose/ui/screens/SakitDetailScreen.kt:95:31 Unresolved reference 'RoundedCornerShape'.
e: file:///home/mfavian/project/project-akhir-final/DeisaCompose/app/src/main/java/com/example/deisacompose/ui/screens/SakitDetailScreen.kt:96:37 Unresolved reference 'DeisaSoftNavy'.
e: file:///home/mfavian/project/project-akhir-final/DeisaCompose/app/src/main/java/com/example/deisacompose/ui/screens/SakitDetailScreen.kt:97:39 Unresolved reference 'Color'.
e: file:///home/mfavian/project/project-akhir-final/DeisaCompose/app/src/main/java/com/example/deisacompose/ui/screens/SakitDetailScreen.kt:97:71 Unresolved reference 'RoundedCornerShape'.
e: file:///home/mfavian/project/project-akhir-final/DeisaCompose/app/src/main/java/com/example/deisacompose/ui/screens/SakitDetailScreen.kt:114:29 Unresolved reference 'Color'.
e: file:///home/mfavian/project/project-akhir-final/DeisaCompose/app/src/main/java/com/example/deisacompose/ui/screens/SakitDetailScreen.kt:120:29 Unresolved reference 'Color'.
e: file:///home/mfavian/project/project-akhir-final/DeisaCompose/app/src/main/java/com/example/deisacompose/ui/screens/SakitDetailScreen.kt:128:26 Unresolved reference 'clip'.
e: file:///home/mfavian/project/project-akhir-final/DeisaCompose/app/src/main/java/com/example/deisacompose/ui/screens/SakitDetailScreen.kt:128:31 Unresolved reference 'RoundedCornerShape'.
e: file:///home/mfavian/project/project-akhir-final/DeisaCompose/app/src/main/java/com/example/deisacompose/ui/screens/SakitDetailScreen.kt:129:49 Unresolved reference 'copy'.
e: file:///home/mfavian/project/project-akhir-final/DeisaCompose/app/src/main/java/com/example/deisacompose/ui/screens/SakitDetailScreen.kt:137:43 Unresolved reference 'sp'.
e: file:///home/mfavian/project/project-akhir-final/DeisaCompose/app/src/main/java/com/example/deisacompose/ui/screens/SakitDetailScreen.kt:176:34 Unresolved reference 'clip'.
e: file:///home/mfavian/project/project-akhir-final/DeisaCompose/app/src/main/java/com/example/deisacompose/ui/screens/SakitDetailScreen.kt:176:39 Unresolved reference 'RoundedCornerShape'.
e: file:///home/mfavian/project/project-akhir-final/DeisaCompose/app/src/main/java/com/example/deisacompose/ui/screens/SakitDetailScreen.kt:177:45 Unresolved reference 'DeisaSoftNavy'.
e: file:///home/mfavian/project/project-akhir-final/DeisaCompose/app/src/main/java/com/example/deisacompose/ui/screens/SakitDetailScreen.kt:184:41 Unresolved reference 'Color'.
e: file:///home/mfavian/project/project-akhir-final/DeisaCompose/app/src/main/java/com/example/deisacompose/ui/screens/SakitDetailScreen.kt:193:46 Unresolved reference 'clip'.
e: file:///home/mfavian/project/project-akhir-final/DeisaCompose/app/src/main/java/com/example/deisacompose/ui/screens/SakitDetailScreen.kt:193:51 Unresolved reference 'RoundedCornerShape'.
e: file:///home/mfavian/project/project-akhir-final/DeisaCompose/app/src/main/java/com/example/deisacompose/ui/screens/SakitDetailScreen.kt:194:103 Unresolved reference 'WarningOrange'.
e: file:///home/mfavian/project/project-akhir-final/DeisaCompose/app/src/main/java/com/example/deisacompose/ui/screens/SakitDetailScreen.kt:194:122 Unresolved reference 'SuccessGreen'.
e: file:///home/mfavian/project/project-akhir-final/DeisaCompose/app/src/main/java/com/example/deisacompose/ui/screens/SakitDetailScreen.kt:194:136 Unresolved reference 'copy'.
e: file:///home/mfavian/project/project-akhir-final/DeisaCompose/app/src/main/java/com/example/deisacompose/ui/screens/SakitDetailScreen.kt:194:160 Unresolved reference 'DeisaNavy'.
e: file:///home/mfavian/project/project-akhir-final/DeisaCompose/app/src/main/java/com/example/deisacompose/ui/screens/SakitDetailScreen.kt:195:105 Unresolved reference 'WarningOrange'.
e: file:///home/mfavian/project/project-akhir-final/DeisaCompose/app/src/main/java/com/example/deisacompose/ui/screens/SakitDetailScreen.kt:195:124 Unresolved reference 'SuccessGreen'.
e: file:///home/mfavian/project/project-akhir-final/DeisaCompose/app/src/main/java/com/example/deisacompose/ui/screens/SakitDetailScreen.kt:195:143 Unresolved reference 'Color'.
e: file:///home/mfavian/project/project-akhir-final/DeisaCompose/app/src/main/java/com/example/deisacompose/ui/screens/SakitDetailScreen.kt:195:176 Unresolved reference 'RoundedCornerShape'.
e: file:///home/mfavian/project/project-akhir-final/DeisaCompose/app/src/main/java/com/example/deisacompose/ui/screens/SakitDetailScreen.kt:199:107 Unresolved reference 'WarningOrange'.
e: file:///home/mfavian/project/project-akhir-final/DeisaCompose/app/src/main/java/com/example/deisacompose/ui/screens/SakitDetailScreen.kt:199:126 Unresolved reference 'SuccessGreen'.
e: file:///home/mfavian/project/project-akhir-final/DeisaCompose/app/src/main/java/com/example/deisacompose/ui/screens/SakitDetailScreen.kt:199:145 Unresolved reference 'Color'.
e: file:///home/mfavian/project/project-akhir-final/DeisaCompose/app/src/main/java/com/example/deisacompose/ui/screens/SakitDetailScreen.kt:213:56 Unresolved reference 'Color'.
e: file:///home/mfavian/project/project-akhir-final/DeisaCompose/app/src/main/java/com/example/deisacompose/ui/screens/SakitDetailScreen.kt:221:87 Unresolved reference 'DeisaSoftNavy'.
e: file:///home/mfavian/project/project-akhir-final/DeisaCompose/app/src/main/java/com/example/deisacompose/ui/screens/SakitDetailScreen.kt:222:41 Unresolved reference 'RoundedCornerShape'.
e: file:///home/mfavian/project/project-akhir-final/DeisaCompose/app/src/main/java/com/example/deisacompose/ui/screens/SakitDetailScreen.kt:223:42 Unresolved reference 'BorderStroke'.
e: file:///home/mfavian/project/project-akhir-final/DeisaCompose/app/src/main/java/com/example/deisacompose/ui/screens/SakitDetailScreen.kt:223:61 Unresolved reference 'Color'.
e: file:///home/mfavian/project/project-akhir-final/DeisaCompose/app/src/main/java/com/example/deisacompose/ui/screens/SakitDetailScreen.kt:225:33 None of the following candidates is applicable:
fun Icon(bitmap: ImageBitmap, contentDescription: String?, modifier: Modifier = ..., tint: Color = ...): Unit
fun Icon(painter: Painter, tint: ColorProducer?, contentDescription: String?, modifier: Modifier = ...): Unit
fun Icon(painter: Painter, contentDescription: String?, modifier: Modifier = ..., tint: Color = ...): Unit
fun Icon(imageVector: ImageVector, contentDescription: String?, modifier: Modifier = ..., tint: Color = ...): Unit
e: file:///home/mfavian/project/project-akhir-final/DeisaCompose/app/src/main/java/com/example/deisacompose/ui/screens/SakitDetailScreen.kt:233:91 Unresolved reference 'DangerRed'.
e: file:///home/mfavian/project/project-akhir-final/DeisaCompose/app/src/main/java/com/example/deisacompose/ui/screens/SakitDetailScreen.kt:234:45 Unresolved reference 'RoundedCornerShape'.
e: file:///home/mfavian/project/project-akhir-final/DeisaCompose/app/src/main/java/com/example/deisacompose/ui/screens/SakitDetailScreen.kt:235:46 Unresolved reference 'BorderStroke'.
e: file:///home/mfavian/project/project-akhir-final/DeisaCompose/app/src/main/java/com/example/deisacompose/ui/screens/SakitDetailScreen.kt:235:65 Unresolved reference 'DangerRed'.
e: file:///home/mfavian/project/project-akhir-final/DeisaCompose/app/src/main/java/com/example/deisacompose/ui/screens/SakitDetailScreen.kt:237:98 Unresolved reference 'DangerRed'.
e: file:///home/mfavian/project/project-akhir-final/DeisaCompose/app/src/main/java/com/example/deisacompose/ui/screens/SakitDetailScreen.kt:252:30 Unresolved reference 'DeisaSoftNavy'.
e: file:///home/mfavian/project/project-akhir-final/DeisaCompose/app/src/main/java/com/example/deisacompose/ui/screens/SakitDetailScreen.kt:253:33 Unresolved reference 'Color'.
e: file:///home/mfavian/project/project-akhir-final/DeisaCompose/app/src/main/java/com/example/deisacompose/ui/screens/SakitDetailScreen.kt:254:32 Unresolved reference 'Color'.
e: file:///home/mfavian/project/project-akhir-final/DeisaCompose/app/src/main/java/com/example/deisacompose/ui/screens/SakitDetailScreen.kt:262:44 Unresolved reference 'DangerRed'.
e: file:///home/mfavian/project/project-akhir-final/DeisaCompose/app/src/main/java/com/example/deisacompose/ui/screens/SakitDetailScreen.kt:267:44 Unresolved reference 'Color'.
e: file:///home/mfavian/project/project-akhir-final/DeisaCompose/app/src/main/java/com/example/deisacompose/ui/screens/SakitListScreen.kt:54:26 Unresolved reference 'DeisaNavy'.
e: file:///home/mfavian/project/project-akhir-final/DeisaCompose/app/src/main/java/com/example/deisacompose/ui/screens/SakitListScreen.kt:56:13 Unresolved reference 'StitchTopBar'.
e: file:///home/mfavian/project/project-akhir-final/DeisaCompose/app/src/main/java/com/example/deisacompose/ui/screens/SakitListScreen.kt:65:34 Unresolved reference 'DeisaBlue'.
e: file:///home/mfavian/project/project-akhir-final/DeisaCompose/app/src/main/java/com/example/deisacompose/ui/screens/SakitListScreen.kt:97:49 Unresolved reference 'DeisaSoftNavy'.
e: file:///home/mfavian/project/project-akhir-final/DeisaCompose/app/src/main/java/com/example/deisacompose/ui/screens/SakitListScreen.kt:98:51 Unresolved reference 'DeisaSoftNavy'.
e: file:///home/mfavian/project/project-akhir-final/DeisaCompose/app/src/main/java/com/example/deisacompose/ui/screens/SakitListScreen.kt:99:46 Unresolved reference 'DeisaBlue'.
e: file:///home/mfavian/project/project-akhir-final/DeisaCompose/app/src/main/java/com/example/deisacompose/ui/screens/SakitListScreen.kt:125:29 No parameter with name 'accentColor' found.
e: file:///home/mfavian/project/project-akhir-final/DeisaCompose/app/src/main/java/com/example/deisacompose/ui/screens/SakitListScreen.kt:125:43 Unresolved reference 'DangerRed'.
e: file:///home/mfavian/project/project-akhir-final/DeisaCompose/app/src/main/java/com/example/deisacompose/ui/screens/SakitListScreen.kt:133:29 No parameter with name 'accentColor' found.
e: file:///home/mfavian/project/project-akhir-final/DeisaCompose/app/src/main/java/com/example/deisacompose/ui/screens/SakitListScreen.kt:133:43 Unresolved reference 'SuccessGreen'.
e: file:///home/mfavian/project/project-akhir-final/DeisaCompose/app/src/main/java/com/example/deisacompose/ui/screens/SakitListScreen.kt:142:55 Unresolved reference 'DeisaBlue'.
e: file:///home/mfavian/project/project-akhir-final/DeisaCompose/app/src/main/java/com/example/deisacompose/ui/screens/SakitListScreen.kt:165:52 Unresolved reference 'DangerRed'.
e: file:///home/mfavian/project/project-akhir-final/DeisaCompose/app/src/main/java/com/example/deisacompose/ui/screens/SakitListScreen.kt:165:67 Unresolved reference 'SuccessGreen'.
e: file:///home/mfavian/project/project-akhir-final/DeisaCompose/app/src/main/java/com/example/deisacompose/ui/screens/SakitListScreen.kt:170:14 Unresolved reference 'clip'.
e: file:///home/mfavian/project/project-akhir-final/DeisaCompose/app/src/main/java/com/example/deisacompose/ui/screens/SakitListScreen.kt:171:25 Unresolved reference 'DeisaSoftNavy'.
e: file:///home/mfavian/project/project-akhir-final/DeisaCompose/app/src/main/java/com/example/deisacompose/ui/screens/SakitListScreen.kt:172:14 Unresolved reference 'border'.
e: file:///home/mfavian/project/project-akhir-final/DeisaCompose/app/src/main/java/com/example/deisacompose/ui/screens/SakitListScreen.kt:198:26 Unresolved reference 'clip'.
e: file:///home/mfavian/project/project-akhir-final/DeisaCompose/app/src/main/java/com/example/deisacompose/ui/screens/SakitListScreen.kt:199:49 Unresolved reference 'copy'.
e: file:///home/mfavian/project/project-akhir-final/DeisaCompose/app/src/main/java/com/example/deisacompose/ui/screens/SakitListScreen.kt:219:28 Unresolved reference 'DeisaBlue'.
e: file:///home/mfavian/project/project-akhir-final/DeisaCompose/app/src/main/java/com/example/deisacompose/ui/screens/SantriAddScreen.kt:105:26 Unresolved reference 'DeisaNavy'.
e: file:///home/mfavian/project/project-akhir-final/DeisaCompose/app/src/main/java/com/example/deisacompose/ui/screens/SantriAddScreen.kt:107:13 Unresolved reference 'StitchTopBar'.
e: file:///home/mfavian/project/project-akhir-final/DeisaCompose/app/src/main/java/com/example/deisacompose/ui/screens/SantriAddScreen.kt:128:29 Unresolved reference 'Color'.
e: file:///home/mfavian/project/project-akhir-final/DeisaCompose/app/src/main/java/com/example/deisacompose/ui/screens/SantriAddScreen.kt:133:29 Unresolved reference 'Color'.
e: file:///home/mfavian/project/project-akhir-final/DeisaCompose/app/src/main/java/com/example/deisacompose/ui/screens/SantriAddScreen.kt:169:29 Unresolved reference 'Color'.
e: file:///home/mfavian/project/project-akhir-final/DeisaCompose/app/src/main/java/com/example/deisacompose/ui/screens/SantriAddScreen.kt:181:34 Unresolved reference 'clip'.
e: file:///home/mfavian/project/project-akhir-final/DeisaCompose/app/src/main/java/com/example/deisacompose/ui/screens/SantriAddScreen.kt:182:71 Unresolved reference 'DeisaBlue'.
e: file:///home/mfavian/project/project-akhir-final/DeisaCompose/app/src/main/java/com/example/deisacompose/ui/screens/SantriAddScreen.kt:182:105 Unresolved reference 'DeisaSoftNavy'.
e: file:///home/mfavian/project/project-akhir-final/DeisaCompose/app/src/main/java/com/example/deisacompose/ui/screens/SantriAddScreen.kt:185:63 Unresolved reference 'DeisaBlue'.
e: file:///home/mfavian/project/project-akhir-final/DeisaCompose/app/src/main/java/com/example/deisacompose/ui/screens/SantriAddScreen.kt:185:78 Unresolved reference 'Color'.
e: file:///home/mfavian/project/project-akhir-final/DeisaCompose/app/src/main/java/com/example/deisacompose/ui/screens/SantriAddScreen.kt:193:67 Unresolved reference 'DeisaBlue'.
e: file:///home/mfavian/project/project-akhir-final/DeisaCompose/app/src/main/java/com/example/deisacompose/ui/screens/SantriAddScreen.kt:193:82 Unresolved reference 'Color'.
e: file:///home/mfavian/project/project-akhir-final/DeisaCompose/app/src/main/java/com/example/deisacompose/ui/screens/SantriAddScreen.kt:204:21 This material API is experimental and is likely to change or to be removed in the future.
e: file:///home/mfavian/project/project-akhir-final/DeisaCompose/app/src/main/java/com/example/deisacompose/ui/screens/SantriAddScreen.kt:214:49 This material API is experimental and is likely to change or to be removed in the future.
e: file:///home/mfavian/project/project-akhir-final/DeisaCompose/app/src/main/java/com/example/deisacompose/ui/screens/SantriAddScreen.kt:217:25 This material API is experimental and is likely to change or to be removed in the future.
e: file:///home/mfavian/project/project-akhir-final/DeisaCompose/app/src/main/java/com/example/deisacompose/ui/screens/SantriAddScreen.kt:220:49 Unresolved reference 'background'.
e: file:///home/mfavian/project/project-akhir-final/DeisaCompose/app/src/main/java/com/example/deisacompose/ui/screens/SantriAddScreen.kt:220:60 Unresolved reference 'DeisaSoftNavy'.
e: file:///home/mfavian/project/project-akhir-final/DeisaCompose/app/src/main/java/com/example/deisacompose/ui/screens/SantriAddScreen.kt:224:77 Unresolved reference 'Color'.
e: file:///home/mfavian/project/project-akhir-final/DeisaCompose/app/src/main/java/com/example/deisacompose/ui/screens/SantriAddScreen.kt:235:21 This material API is experimental and is likely to change or to be removed in the future.
e: file:///home/mfavian/project/project-akhir-final/DeisaCompose/app/src/main/java/com/example/deisacompose/ui/screens/SantriAddScreen.kt:245:49 This material API is experimental and is likely to change or to be removed in the future.
e: file:///home/mfavian/project/project-akhir-final/DeisaCompose/app/src/main/java/com/example/deisacompose/ui/screens/SantriAddScreen.kt:247:25 This material API is experimental and is likely to change or to be removed in the future.
e: file:///home/mfavian/project/project-akhir-final/DeisaCompose/app/src/main/java/com/example/deisacompose/ui/screens/SantriAddScreen.kt:250:49 Unresolved reference 'background'.
e: file:///home/mfavian/project/project-akhir-final/DeisaCompose/app/src/main/java/com/example/deisacompose/ui/screens/SantriAddScreen.kt:250:60 Unresolved reference 'DeisaSoftNavy'.
e: file:///home/mfavian/project/project-akhir-final/DeisaCompose/app/src/main/java/com/example/deisacompose/ui/screens/SantriAddScreen.kt:254:81 Unresolved reference 'Color'.
e: file:///home/mfavian/project/project-akhir-final/DeisaCompose/app/src/main/java/com/example/deisacompose/ui/screens/SantriAddScreen.kt:286:29 Unresolved reference 'DangerRed'.
e: file:///home/mfavian/project/project-akhir-final/DeisaCompose/app/src/main/java/com/example/deisacompose/ui/screens/SantriDetailScreen.kt:60:58 Unresolved reference 'DeisaNavy'.
e: file:///home/mfavian/project/project-akhir-final/DeisaCompose/app/src/main/java/com/example/deisacompose/ui/screens/SantriDetailScreen.kt:61:47 Unresolved reference 'DeisaBlue'.
e: file:///home/mfavian/project/project-akhir-final/DeisaCompose/app/src/main/java/com/example/deisacompose/ui/screens/SantriDetailScreen.kt:67:26 Unresolved reference 'DeisaNavy'.
e: file:///home/mfavian/project/project-akhir-final/DeisaCompose/app/src/main/java/com/example/deisacompose/ui/screens/SantriDetailScreen.kt:69:13 Unresolved reference 'StitchTopBar'.
e: file:///home/mfavian/project/project-akhir-final/DeisaCompose/app/src/main/java/com/example/deisacompose/ui/screens/SantriDetailScreen.kt:94:37 Unresolved reference 'DeisaSoftNavy'.
e: file:///home/mfavian/project/project-akhir-final/DeisaCompose/app/src/main/java/com/example/deisacompose/ui/screens/SantriDetailScreen.kt:102:33 Unresolved reference 'DeisaBlue'.
e: file:///home/mfavian/project/project-akhir-final/DeisaCompose/app/src/main/java/com/example/deisacompose/ui/screens/SantriDetailScreen.kt:130:97 Unresolved reference 'DeisaBlue'.
e: file:///home/mfavian/project/project-akhir-final/DeisaCompose/app/src/main/java/com/example/deisacompose/ui/screens/SantriDetailScreen.kt:131:92 Unresolved reference 'SuccessGreen'.
e: file:///home/mfavian/project/project-akhir-final/DeisaCompose/app/src/main/java/com/example/deisacompose/ui/screens/SantriDetailScreen.kt:132:120 Unresolved reference 'WarningOrange'.
e: file:///home/mfavian/project/project-akhir-final/DeisaCompose/app/src/main/java/com/example/deisacompose/ui/screens/SantriDetailScreen.kt:169:83 Unresolved reference 'DeisaSoftNavy'.
e: file:///home/mfavian/project/project-akhir-final/DeisaCompose/app/src/main/java/com/example/deisacompose/ui/screens/SantriDetailScreen.kt:171:38 Unresolved reference 'BorderStroke'.
e: file:///home/mfavian/project/project-akhir-final/DeisaCompose/app/src/main/java/com/example/deisacompose/ui/screens/SantriDetailScreen.kt:180:83 Unresolved reference 'DangerRed'.
e: file:///home/mfavian/project/project-akhir-final/DeisaCompose/app/src/main/java/com/example/deisacompose/ui/screens/SantriDetailScreen.kt:182:38 Unresolved reference 'BorderStroke'.
e: file:///home/mfavian/project/project-akhir-final/DeisaCompose/app/src/main/java/com/example/deisacompose/ui/screens/SantriDetailScreen.kt:182:57 Unresolved reference 'DangerRed'.
e: file:///home/mfavian/project/project-akhir-final/DeisaCompose/app/src/main/java/com/example/deisacompose/ui/screens/SantriDetailScreen.kt:184:90 Unresolved reference 'DangerRed'.
e: file:///home/mfavian/project/project-akhir-final/DeisaCompose/app/src/main/java/com/example/deisacompose/ui/screens/SantriDetailScreen.kt:186:52 Unresolved reference 'DangerRed'.
e: file:///home/mfavian/project/project-akhir-final/DeisaCompose/app/src/main/java/com/example/deisacompose/ui/screens/SantriDetailScreen.kt:199:30 Unresolved reference 'DeisaSoftNavy'.
e: file:///home/mfavian/project/project-akhir-final/DeisaCompose/app/src/main/java/com/example/deisacompose/ui/screens/SantriDetailScreen.kt:209:44 Unresolved reference 'DangerRed'.
e: file:///home/mfavian/project/project-akhir-final/DeisaCompose/app/src/main/java/com/example/deisacompose/ui/screens/SantriDetailScreen.kt:226:25 Unresolved reference 'DeisaSoftNavy'.
e: file:///home/mfavian/project/project-akhir-final/DeisaCompose/app/src/main/java/com/example/deisacompose/ui/screens/SantriDetailScreen.kt:243:25 Unresolved reference 'DeisaSoftNavy'.
e: file:///home/mfavian/project/project-akhir-final/DeisaCompose/app/src/main/java/com/example/deisacompose/ui/screens/SantriDetailScreen.kt:248:58 Unresolved reference 'DeisaBlue'.
e: file:///home/mfavian/project/project-akhir-final/DeisaCompose/app/src/main/java/com/example/deisacompose/ui/screens/SantriListScreen.kt:60:26 Unresolved reference 'DeisaNavy'.
e: file:///home/mfavian/project/project-akhir-final/DeisaCompose/app/src/main/java/com/example/deisacompose/ui/screens/SantriListScreen.kt:62:13 Unresolved reference 'StitchTopBar'.
e: file:///home/mfavian/project/project-akhir-final/DeisaCompose/app/src/main/java/com/example/deisacompose/ui/screens/SantriListScreen.kt:72:38 Unresolved reference 'DeisaBlue'.
e: file:///home/mfavian/project/project-akhir-final/DeisaCompose/app/src/main/java/com/example/deisacompose/ui/screens/SantriListScreen.kt:105:49 Unresolved reference 'DeisaSoftNavy'.
e: file:///home/mfavian/project/project-akhir-final/DeisaCompose/app/src/main/java/com/example/deisacompose/ui/screens/SantriListScreen.kt:106:51 Unresolved reference 'DeisaSoftNavy'.
e: file:///home/mfavian/project/project-akhir-final/DeisaCompose/app/src/main/java/com/example/deisacompose/ui/screens/SantriListScreen.kt:107:46 Unresolved reference 'DeisaBlue'.
e: file:///home/mfavian/project/project-akhir-final/DeisaCompose/app/src/main/java/com/example/deisacompose/ui/screens/SantriListScreen.kt:122:25 Unresolved reference 'PremiumFilterChip'.
e: file:///home/mfavian/project/project-akhir-final/DeisaCompose/app/src/main/java/com/example/deisacompose/ui/screens/SantriListScreen.kt:129:25 Unresolved reference 'PremiumFilterChip'.
e: file:///home/mfavian/project/project-akhir-final/DeisaCompose/app/src/main/java/com/example/deisacompose/ui/screens/SantriListScreen.kt:158:55 Unresolved reference 'DeisaBlue'.
e: file:///home/mfavian/project/project-akhir-final/DeisaCompose/app/src/main/java/com/example/deisacompose/ui/screens/SantriListScreen.kt:187:25 Unresolved reference 'DeisaSoftNavy'.
e: file:///home/mfavian/project/project-akhir-final/DeisaCompose/app/src/main/java/com/example/deisacompose/ui/screens/SantriListScreen.kt:204:25 Unresolved reference 'DeisaBlue'.
e: file:///home/mfavian/project/project-akhir-final/DeisaCompose/app/src/main/java/com/example/deisacompose/ui/screens/SantriListScreen.kt:228:37 Unresolved reference 'DeisaBlue'.
e: file:///home/mfavian/project/project-akhir-final/DeisaCompose/app/src/main/java/com/example/deisacompose/ui/screens/SantriListScreen.kt:235:33 Unresolved reference 'DeisaBlue'.
e: file:///home/mfavian/project/project-akhir-final/DeisaCompose/app/src/main/java/com/example/deisacompose/ui/screens/SantriListScreen.kt:243:33 Unresolved reference 'SuccessGreen'.
e: file:///home/mfavian/project/project-akhir-final/DeisaCompose/app/src/main/java/com/example/deisacompose/ui/screens/SantriListScreen.kt:250:29 Unresolved reference 'SuccessGreen'.
e: file:///home/mfavian/project/project-akhir-final/DeisaCompose/app/src/main/java/com/example/deisacompose/ui/screens/SecondaryScreens.kt:60:18 Unresolved reference 'background'.
e: file:///home/mfavian/project/project-akhir-final/DeisaCompose/app/src/main/java/com/example/deisacompose/ui/screens/SecondaryScreens.kt:60:29 Unresolved reference 'Slate50'.
e: file:///home/mfavian/project/project-akhir-final/DeisaCompose/app/src/main/java/com/example/deisacompose/ui/screens/SecondaryScreens.kt:68:55 Unresolved reference 'DeisaBluePrimary'.
e: file:///home/mfavian/project/project-akhir-final/DeisaCompose/app/src/main/java/com/example/deisacompose/ui/screens/SecondaryScreens.kt:80:34 Unresolved reference 'size'.
e: file:///home/mfavian/project/project-akhir-final/DeisaCompose/app/src/main/java/com/example/deisacompose/ui/screens/SecondaryScreens.kt:81:39 Unresolved reference 'CircleShape'.
e: file:///home/mfavian/project/project-akhir-final/DeisaCompose/app/src/main/java/com/example/deisacompose/ui/screens/SecondaryScreens.kt:82:45 Unresolved reference 'DeisaBluePrimary'.
e: file:///home/mfavian/project/project-akhir-final/DeisaCompose/app/src/main/java/com/example/deisacompose/ui/screens/SecondaryScreens.kt:87:41 Unresolved reference 'MaterialTheme'.
e: file:///home/mfavian/project/project-akhir-final/DeisaCompose/app/src/main/java/com/example/deisacompose/ui/screens/SecondaryScreens.kt:89:41 Unresolved reference 'DeisaBluePrimary'.
e: file:///home/mfavian/project/project-akhir-final/DeisaCompose/app/src/main/java/com/example/deisacompose/ui/screens/SecondaryScreens.kt:97:37 Unresolved reference 'MaterialTheme'.
e: file:///home/mfavian/project/project-akhir-final/DeisaCompose/app/src/main/java/com/example/deisacompose/ui/screens/SecondaryScreens.kt:99:37 Unresolved reference 'Slate900'.
e: file:///home/mfavian/project/project-akhir-final/DeisaCompose/app/src/main/java/com/example/deisacompose/ui/screens/SecondaryScreens.kt:103:37 Unresolved reference 'MaterialTheme'.
e: file:///home/mfavian/project/project-akhir-final/DeisaCompose/app/src/main/java/com/example/deisacompose/ui/screens/SecondaryScreens.kt:104:37 Unresolved reference 'DeisaBluePrimary'.
e: file:///home/mfavian/project/project-akhir-final/DeisaCompose/app/src/main/java/com/example/deisacompose/ui/screens/SecondaryScreens.kt:111:49 Unresolved reference 'fillMaxWidth'.
e: file:///home/mfavian/project/project-akhir-final/DeisaCompose/app/src/main/java/com/example/deisacompose/ui/screens/SecondaryScreens.kt:112:43 Unresolved reference 'DeisaBluePrimary'.
e: file:///home/mfavian/project/project-akhir-final/DeisaCompose/app/src/main/java/com/example/deisacompose/ui/screens/SecondaryScreens.kt:116:58 Unresolved reference 'Email'.
e: file:///home/mfavian/project/project-akhir-final/DeisaCompose/app/src/main/java/com/example/deisacompose/ui/screens/SecondaryScreens.kt:121:58 Unresolved reference 'Badge'.
e: file:///home/mfavian/project/project-akhir-final/DeisaCompose/app/src/main/java/com/example/deisacompose/ui/screens/SecondaryScreens.kt:126:58 Unresolved reference 'CalendarToday'.
e: file:///home/mfavian/project/project-akhir-final/DeisaCompose/app/src/main/java/com/example/deisacompose/ui/screens/SecondaryScreens.kt:135:25 Unresolved reference 'OutlinedButton'.
e: file:///home/mfavian/project/project-akhir-final/DeisaCompose/app/src/main/java/com/example/deisacompose/ui/screens/SecondaryScreens.kt:142:49 Unresolved reference 'fillMaxWidth'.
e: file:///home/mfavian/project/project-akhir-final/DeisaCompose/app/src/main/java/com/example/deisacompose/ui/screens/SecondaryScreens.kt:143:37 Unresolved reference 'RoundedCornerShape'.
e: file:///home/mfavian/project/project-akhir-final/DeisaCompose/app/src/main/java/com/example/deisacompose/ui/screens/SecondaryScreens.kt:144:38 Unresolved reference 'ButtonDefaults'.
e: file:///home/mfavian/project/project-akhir-final/DeisaCompose/app/src/main/java/com/example/deisacompose/ui/screens/SecondaryScreens.kt:144:89 Unresolved reference 'DangerRed'.
e: file:///home/mfavian/project/project-akhir-final/DeisaCompose/app/src/main/java/com/example/deisacompose/ui/screens/SecondaryScreens.kt:145:85 Unresolved reference 'DangerRed'.
e: file:///home/mfavian/project/project-akhir-final/DeisaCompose/app/src/main/java/com/example/deisacompose/ui/screens/SecondaryScreens.kt:147:48 Unresolved reference 'Logout'.
e: file:///home/mfavian/project/project-akhir-final/DeisaCompose/app/src/main/java/com/example/deisacompose/ui/screens/SecondaryScreens.kt:148:29 @Composable invocations can only happen from the context of a @Composable function
e: file:///home/mfavian/project/project-akhir-final/DeisaCompose/app/src/main/java/com/example/deisacompose/ui/screens/SecondaryScreens.kt:148:56 Unresolved reference 'width'.
e: file:///home/mfavian/project/project-akhir-final/DeisaCompose/app/src/main/java/com/example/deisacompose/ui/screens/SecondaryScreens.kt:149:29 @Composable invocations can only happen from the context of a @Composable function
e: file:///home/mfavian/project/project-akhir-final/DeisaCompose/app/src/main/java/com/example/deisacompose/ui/screens/SecondaryScreens.kt:164:5 Unresolved reference 'Row'.
e: file:///home/mfavian/project/project-akhir-final/DeisaCompose/app/src/main/java/com/example/deisacompose/ui/screens/SecondaryScreens.kt:165:9 @Composable invocations can only happen from the context of a @Composable function
e: file:///home/mfavian/project/project-akhir-final/DeisaCompose/app/src/main/java/com/example/deisacompose/ui/screens/SecondaryScreens.kt:167:18 Unresolved reference 'size'.
e: file:///home/mfavian/project/project-akhir-final/DeisaCompose/app/src/main/java/com/example/deisacompose/ui/screens/SecondaryScreens.kt:168:23 Unresolved reference 'RoundedCornerShape'.
e: file:///home/mfavian/project/project-akhir-final/DeisaCompose/app/src/main/java/com/example/deisacompose/ui/screens/SecondaryScreens.kt:169:29 Unresolved reference 'Slate100'.
e: file:///home/mfavian/project/project-akhir-final/DeisaCompose/app/src/main/java/com/example/deisacompose/ui/screens/SecondaryScreens.kt:172:37 Unresolved reference 'Slate600'.
e: file:///home/mfavian/project/project-akhir-final/DeisaCompose/app/src/main/java/com/example/deisacompose/ui/screens/SecondaryScreens.kt:172:67 Unresolved reference 'size'.
e: file:///home/mfavian/project/project-akhir-final/DeisaCompose/app/src/main/java/com/example/deisacompose/ui/screens/SecondaryScreens.kt:174:9 @Composable invocations can only happen from the context of a @Composable function
e: file:///home/mfavian/project/project-akhir-final/DeisaCompose/app/src/main/java/com/example/deisacompose/ui/screens/SecondaryScreens.kt:174:36 Unresolved reference 'width'.
e: file:///home/mfavian/project/project-akhir-final/DeisaCompose/app/src/main/java/com/example/deisacompose/ui/screens/SecondaryScreens.kt:175:9 @Composable invocations can only happen from the context of a @Composable function
e: file:///home/mfavian/project/project-akhir-final/DeisaCompose/app/src/main/java/com/example/deisacompose/ui/screens/SecondaryScreens.kt:176:33 Unresolved reference 'MaterialTheme'.
e: file:///home/mfavian/project/project-akhir-final/DeisaCompose/app/src/main/java/com/example/deisacompose/ui/screens/SecondaryScreens.kt:176:78 Unresolved reference 'Slate500'.
e: file:///home/mfavian/project/project-akhir-final/DeisaCompose/app/src/main/java/com/example/deisacompose/ui/screens/SecondaryScreens.kt:177:33 Unresolved reference 'MaterialTheme'.
e: file:///home/mfavian/project/project-akhir-final/DeisaCompose/app/src/main/java/com/example/deisacompose/ui/screens/SecondaryScreens.kt:177:107 Unresolved reference 'Slate900'.

FAILURE: Build failed with an exception.

* What went wrong:
Execution failed for task ':app:compileDebugKotlin'.
> A failure occurred while executing org.jetbrains.kotlin.compilerRunner.GradleCompilerRunnerWithWorkers$GradleKotlinCompilerWorkAction
   > Compilation error. See log for more details

* Try:
> Run with --stacktrace option to get the stack trace.
> Run with --info or --debug option to get more log output.
> Run with --scan to generate a Build Scan (powered by Develocity).
> Get more help at https://help.gradle.org.

BUILD FAILED in 4s
17 actionable tasks: 1 executed, 16 up-to-date
